Temp/gradleOut/launcher/build/intermediates/manifest_merge_blame_file/release/manifest-merger-blame-release-report.txt
1<?xml version="1.0" encoding="utf-8"?>
2<!-- GENERATED BY UNITY. REMOVE THIS COMMENT TO PREVENT OVERWRITING WHEN EXPORTING AGAIN -->
3<manifest xmlns:android="http://schemas.android.com/apk/res/android"
4    package="com.Underwalk.CaptainBrycePatrol"
5    android:installLocation="auto"
6    android:versionCode="1"
7    android:versionName="0.1.0.32" >
8
9    <uses-sdk
10        android:minSdkVersion="23"
10-->src\main\AndroidManifest.xml
11        android:targetSdkVersion="28" />
11-->src\main\AndroidManifest.xml
12
13    <supports-screens
13-->src\main\AndroidManifest.xml:4:3-163
14        android:anyDensity="true"
14-->src\main\AndroidManifest.xml:4:135-160
15        android:largeScreens="true"
15-->src\main\AndroidManifest.xml:4:78-105
16        android:normalScreens="true"
16-->src\main\AndroidManifest.xml:4:49-77
17        android:smallScreens="true"
17-->src\main\AndroidManifest.xml:4:21-48
18        android:xlargeScreens="true" />
18-->src\main\AndroidManifest.xml:4:106-134
19
20    <uses-feature android:glEsVersion="0x00030000" />
20-->[:unityLibrary] AndroidManifest.xml:14:5-54
20-->[:unityLibrary] AndroidManifest.xml:14:19-51
21
22    <supports-gl-texture android:name="GL_KHR_texture_compression_astc_ldr" />
22-->[:unityLibrary] AndroidManifest.xml:16:5-79
22-->[:unityLibrary] AndroidManifest.xml:16:26-76
23
24    <uses-permission android:name="android.permission.INTERNET" />
24-->[:unityLibrary] AndroidManifest.xml:18:5-67
24-->[:unityLibrary] AndroidManifest.xml:18:22-64
25    <uses-permission android:name="android.permission.RECORD_AUDIO" />
25-->[:unityLibrary] AndroidManifest.xml:19:5-71
25-->[:unityLibrary] AndroidManifest.xml:19:22-68
26    <uses-permission android:name="android.permission.MODIFY_AUDIO_SETTINGS" />
26-->[:unityLibrary] AndroidManifest.xml:20:5-80
26-->[:unityLibrary] AndroidManifest.xml:20:22-77
27    <uses-permission android:name="android.permission.BLUETOOTH" />
27-->[:unityLibrary] AndroidManifest.xml:21:5-68
27-->[:unityLibrary] AndroidManifest.xml:21:22-65
28
29    <uses-feature
29-->[:unityLibrary] AndroidManifest.xml:23:5-25:36
30        android:name="android.hardware.microphone"
30-->[:unityLibrary] AndroidManifest.xml:24:9-51
31        android:required="false" />
31-->[:unityLibrary] AndroidManifest.xml:25:9-33
32    <uses-feature
32-->[:unityLibrary] AndroidManifest.xml:26:5-28:36
33        android:name="android.hardware.touchscreen"
33-->[:unityLibrary] AndroidManifest.xml:27:9-52
34        android:required="false" />
34-->[:unityLibrary] AndroidManifest.xml:28:9-33
35    <uses-feature
35-->[:unityLibrary] AndroidManifest.xml:29:5-31:36
36        android:name="android.hardware.touchscreen.multitouch"
36-->[:unityLibrary] AndroidManifest.xml:30:9-63
37        android:required="false" />
37-->[:unityLibrary] AndroidManifest.xml:31:9-33
38    <uses-feature
38-->[:unityLibrary] AndroidManifest.xml:32:5-34:36
39        android:name="android.hardware.touchscreen.multitouch.distinct"
39-->[:unityLibrary] AndroidManifest.xml:33:9-72
40        android:required="false" />
40-->[:unityLibrary] AndroidManifest.xml:34:9-33
41    <uses-feature
41-->[:unityLibrary] AndroidManifest.xml:35:5-38:31
42        android:name="android.hardware.vr.headtracking"
42-->[:unityLibrary] AndroidManifest.xml:36:9-56
43        android:required="true"
43-->[:unityLibrary] AndroidManifest.xml:37:9-32
44        android:version="1" />
44-->[:unityLibrary] AndroidManifest.xml:38:9-28
45
46    <uses-permission android:name="android.permission.READ_LOGS" />
46-->[:IngameDebugConsole:] AndroidManifest.xml:4:5-68
46-->[:IngameDebugConsole:] AndroidManifest.xml:4:22-65
47
48    <application
48-->src\main\AndroidManifest.xml:5:3-116
49        android:allowBackup="false"
49-->[:unityLibrary] AndroidManifest.xml:41:9-36
50        android:extractNativeLibs="true"
50-->src\main\AndroidManifest.xml:5:16-48
51        android:icon="@mipmap/app_icon"
51-->src\main\AndroidManifest.xml:5:82-113
52        android:label="@string/app_name"
52-->src\main\AndroidManifest.xml:5:49-81
53        android:networkSecurityConfig="@xml/network_sec_config" >
53-->[:unityLibrary] AndroidManifest.xml:44:9-64
54        <activity
54-->[:unityLibrary] AndroidManifest.xml:45:9-68:20
55            android:name="com.unity3d.player.UnityPlayerActivity"
55-->[:unityLibrary] AndroidManifest.xml:46:13-66
56            android:configChanges="keyboard|keyboardHidden|navigation|orientation|screenLayout|screenSize|uiMode"
56-->[:unityLibrary] AndroidManifest.xml:47:13-114
57            android:hardwareAccelerated="false"
57-->[:unityLibrary] AndroidManifest.xml:48:13-48
58            android:launchMode="singleTask"
58-->[:unityLibrary] AndroidManifest.xml:49:13-44
59            android:screenOrientation="landscape"
59-->[:unityLibrary] AndroidManifest.xml:50:13-50
60            android:theme="@android:style/Theme.Black.NoTitleBar.Fullscreen" >
60-->[:unityLibrary] AndroidManifest.xml:51:13-77
61            <intent-filter>
61-->[:unityLibrary] AndroidManifest.xml:52:13-57:29
62                <action android:name="android.intent.action.MAIN" />
62-->[:unityLibrary] AndroidManifest.xml:53:17-69
62-->[:unityLibrary] AndroidManifest.xml:53:25-66
63
64                <category android:name="com.oculus.intent.category.VR" />
64-->[:unityLibrary] AndroidManifest.xml:55:17-74
64-->[:unityLibrary] AndroidManifest.xml:55:27-71
65                <category android:name="android.intent.category.INFO" />
65-->[:unityLibrary] AndroidManifest.xml:56:17-73
65-->[:unityLibrary] AndroidManifest.xml:56:27-70
66            </intent-filter>
67
68            <meta-data
68-->[:unityLibrary] AndroidManifest.xml:59:13-61:40
69                android:name="unityplayer.UnityActivity"
69-->[:unityLibrary] AndroidManifest.xml:60:17-57
70                android:value="true" />
70-->[:unityLibrary] AndroidManifest.xml:61:17-37
71            <meta-data
71-->[:unityLibrary] AndroidManifest.xml:62:13-64:40
72                android:name="android.notch_support"
72-->[:unityLibrary] AndroidManifest.xml:63:17-53
73                android:value="true" />
73-->[:unityLibrary] AndroidManifest.xml:64:17-37
74            <meta-data
74-->[:unityLibrary] AndroidManifest.xml:65:13-67:40
75                android:name="com.oculus.vr.focusaware"
75-->[:unityLibrary] AndroidManifest.xml:66:17-56
76                android:value="true" />
76-->[:unityLibrary] AndroidManifest.xml:67:17-37
77        </activity>
78
79        <meta-data
79-->[:unityLibrary] AndroidManifest.xml:70:9-72:33
80            android:name="unity.splash-mode"
80-->[:unityLibrary] AndroidManifest.xml:71:13-45
81            android:value="0" />
81-->[:unityLibrary] AndroidManifest.xml:72:13-30
82        <meta-data
82-->[:unityLibrary] AndroidManifest.xml:73:9-75:36
83            android:name="unity.splash-enable"
83-->[:unityLibrary] AndroidManifest.xml:74:13-47
84            android:value="True" />
84-->[:unityLibrary] AndroidManifest.xml:75:13-33
85        <meta-data
85-->[:unityLibrary] AndroidManifest.xml:76:9-78:50
86            android:name="notch.config"
86-->[:unityLibrary] AndroidManifest.xml:77:13-40
87            android:value="portrait|landscape" />
87-->[:unityLibrary] AndroidManifest.xml:78:13-47
88        <meta-data
88-->[:unityLibrary] AndroidManifest.xml:79:9-81:68
89            android:name="unity.build-id"
89-->[:unityLibrary] AndroidManifest.xml:80:13-42
90            android:value="9fab5b0d-74a2-4d0b-9b09-85a3132be92a" />
90-->[:unityLibrary] AndroidManifest.xml:81:13-65
91        <meta-data
91-->[:unityLibrary] AndroidManifest.xml:82:9-84:39
92            android:name="com.samsung.android.vr.application.mode"
92-->[:unityLibrary] AndroidManifest.xml:83:13-67
93            android:value="vr_only" />
93-->[:unityLibrary] AndroidManifest.xml:84:13-36
94        <meta-data
94-->[:unityLibrary] AndroidManifest.xml:85:9-87:37
95            android:name="com.unity.xr.oculus.LowOverheadMode"
95-->[:unityLibrary] AndroidManifest.xml:86:13-63
96            android:value="false" />
96-->[:unityLibrary] AndroidManifest.xml:87:13-34
97    </application>
98
99</manifest>